<?xml version="1.0" encoding="UTF-8"?>
<!-- Generated by org.testng.reporters.JUnitReportReporter -->
<testsuite hostname="DESKTOP-FU44QNM" failures="0" tests="1" name="org.Suit" time="0.006" errors="0" timestamp="2022-02-10T22:07:23 IST" skipped="0">
  <testcase classname="org.Suit" name="test" time="0.006"/>
  <system-out/>
</testsuite> <!-- org.Suit -->
