<?xml version="1.0" encoding="UTF-8"?>
<!-- Generated by org.testng.reporters.JUnitReportReporter -->
<testsuite hostname="DESKTOP-FU44QNM" failures="0" tests="1" name="org.SuitTest" time="0.009" errors="0" timestamp="2022-02-10T22:52:34 IST" skipped="0">
  <testcase classname="org.SuitTest" name="test" time="0.009"/>
  <system-out/>
</testsuite> <!-- org.SuitTest -->
